<?xml version="1.0" encoding="UTF-8"?>
<!-- Generated by org.testng.reporters.JUnitReportReporter -->
<testsuite skipped="0" hostname="admins-MacBook-Pro.local" name="com.FutureItVisopnMobileTest.regression.ActionsSheets" tests="1" failures="0" timestamp="27 Jul 2018 05:07:53 GMT" time="7.994" errors="0">
  <testcase name="verifyApplicationSheetClickable" time="7.994" classname="com.FutureItVisopnMobileTest.regression.ActionsSheets"/>
</testsuite> <!-- com.FutureItVisopnMobileTest.regression.ActionsSheets -->
