<?xml version="1.0" encoding="UTF-8"?>
<!-- Generated by org.testng.reporters.JUnitReportReporter -->
<testsuite skipped="0" hostname="admins-MacBook-Pro.local" name="com.FutureItVisopnMobileTest.regression.ActionSheetTest" tests="1" failures="0" timestamp="23 Jul 2018 03:21:18 GMT" time="42.925" errors="0">
  <testcase name="applicationSheetClickable" time="42.925" classname="com.FutureItVisopnMobileTest.regression.ActionSheetTest"/>
</testsuite> <!-- com.FutureItVisopnMobileTest.regression.ActionSheetTest -->
