<?xml version="1.0" encoding="UTF-8"?>
<!-- Generated by org.testng.reporters.JUnitReportReporter -->
<testsuite skipped="0" hostname="admins-MacBook-Pro.local" name="com.FutureItVisopnMobileTest.regression.ActionsSheets" tests="1" failures="0" timestamp="23 Jul 2018 05:16:30 GMT" time="52.202" errors="0">
  <testcase name="verifyApplicationSheetClickable" time="52.202" classname="com.FutureItVisopnMobileTest.regression.ActionsSheets"/>
</testsuite> <!-- com.FutureItVisopnMobileTest.regression.ActionsSheets -->
